SF:/Users/leofarias/Projects/ack/packages/ack_generator/lib/builder.dart
DA:6,4
DA:7,4
DA:10,0
LF:3
LH:2
end_of_record
SF:/Users/leofarias/Projects/ack/packages/ack_generator/lib/src/ack_annotations.dart
DA:17,0
DA:30,0
DA:35,0
DA:46,0
DA:48,0
DA:51,0
DA:52,0
DA:57,0
DA:59,0
DA:62,0
DA:63,0
DA:70,0
DA:72,0
DA:75,0
DA:76,0
DA:81,0
DA:83,0
DA:86,0
DA:87,0
DA:93,0
DA:95,0
DA:98,0
DA:99,0
DA:105,0
DA:107,0
DA:110,0
DA:111,0
DA:117,0
DA:119,0
DA:122,0
DA:123,0
DA:127,0
DA:129,0
DA:132,0
DA:133,0
DA:139,0
DA:141,0
DA:144,0
DA:145,0
DA:152,0
DA:154,0
DA:157,0
DA:158,0
DA:164,0
DA:166,0
DA:169,0
DA:170,0
DA:176,0
DA:178,0
DA:181,0
DA:182,0
DA:189,0
DA:191,0
DA:194,0
DA:195,0
DA:201,0
DA:203,0
DA:206,0
DA:207,0
DA:211,0
DA:213,0
DA:216,0
DA:217,0
DA:225,0
DA:227,0
DA:230,0
DA:231,0
LF:67
LH:0
end_of_record
SF:/Users/leofarias/Projects/ack/packages/ack_generator/lib/src/schema_model_generator.dart
DA:12,4
DA:16,4
DA:17,4
DA:20,4
DA:23,4
DA:26,4
DA:30,4
DA:34,8
DA:38,8
DA:40,0
DA:46,4
DA:49,4
DA:55,8
DA:56,4
DA:57,4
DA:64,4
DA:65,4
DA:69,0
DA:70,0
DA:75,8
DA:76,4
DA:77,4
DA:79,12
DA:80,8
DA:82,8
DA:87,4
DA:96,4
DA:101,4
DA:104,4
DA:107,8
DA:109,4
DA:110,8
DA:111,8
DA:116,4
DA:118,8
DA:119,4
DA:123,8
DA:124,8
DA:126,4
DA:127,0
DA:130,0
DA:131,0
DA:135,0
DA:137,0
DA:141,8
DA:142,4
DA:144,8
DA:147,4
DA:148,3
DA:149,4
DA:150,3
DA:160,4
DA:163,8
DA:165,4
DA:166,3
DA:167,4
DA:168,3
DA:172,8
DA:175,4
DA:176,2
DA:177,4
DA:178,2
DA:179,1
DA:181,1
DA:183,4
DA:184,0
DA:185,0
DA:187,0
DA:189,4
DA:190,0
DA:191,0
DA:193,0
DA:195,4
DA:196,4
DA:198,4
DA:200,2
DA:201,0
DA:202,0
DA:203,0
DA:204,0
DA:205,0
DA:206,0
DA:209,0
DA:211,0
DA:213,2
DA:214,2
DA:215,4
DA:216,4
DA:217,0
DA:219,2
DA:221,2
DA:223,0
DA:224,0
DA:225,0
DA:226,0
DA:227,0
DA:229,0
DA:231,0
DA:233,0
DA:234,0
DA:235,0
DA:237,0
DA:239,0
DA:240,0
DA:241,0
DA:243,0
DA:245,0
DA:246,0
DA:247,0
DA:249,0
DA:251,0
DA:252,0
DA:254,0
DA:256,0
DA:257,0
DA:258,0
DA:260,0
DA:262,0
DA:263,0
DA:264,0
DA:266,0
DA:274,4
DA:282,4
DA:283,16
DA:285,4
DA:286,4
DA:287,12
DA:289,4
DA:293,4
DA:294,20
DA:296,16
DA:297,4
DA:300,4
DA:301,4
DA:304,12
DA:305,3
DA:309,4
DA:310,16
DA:312,8
DA:313,8
DA:314,4
DA:315,7
DA:318,8
DA:320,9
DA:322,3
DA:324,3
DA:325,0
DA:326,0
DA:328,0
DA:330,3
DA:331,3
DA:332,3
DA:336,4
DA:337,0
DA:338,0
DA:339,0
DA:340,0
DA:341,0
DA:343,0
DA:344,0
DA:345,0
DA:347,0
DA:349,0
DA:350,0
DA:351,0
DA:355,12
DA:356,4
DA:359,4
DA:362,3
DA:364,30
DA:374,3
DA:377,8
DA:378,12
DA:379,9
DA:381,4
DA:382,8
DA:383,4
DA:387,4
DA:388,16
DA:390,8
DA:392,12
DA:393,8
DA:394,4
DA:397,4
DA:400,3
DA:401,3
DA:404,3
DA:406,4
DA:407,4
DA:408,4
DA:409,4
DA:423,4
DA:521,4
DA:525,4
DA:527,8
DA:530,4
DA:532,8
DA:533,4
DA:537,4
DA:538,3
DA:541,4
DA:545,4
DA:546,4
DA:548,4
DA:550,4
DA:552,3
DA:554,6
DA:556,3
DA:558,0
DA:559,0
DA:561,0
DA:562,3
DA:566,3
DA:570,4
DA:574,4
DA:575,4
DA:576,1
DA:578,4
DA:579,2
DA:580,2
DA:582,4
DA:583,0
DA:584,0
DA:586,4
DA:587,0
DA:588,0
DA:590,4
DA:591,4
DA:593,4
DA:594,0
DA:595,0
DA:597,4
DA:598,4
DA:600,6
DA:601,6
DA:603,0
DA:606,3
DA:607,0
DA:609,0
DA:610,0
DA:612,0
DA:615,3
DA:616,0
DA:617,0
DA:619,3
DA:620,0
DA:621,0
DA:623,3
DA:624,0
DA:625,0
DA:627,3
DA:628,0
DA:631,3
DA:632,3
DA:633,0
DA:634,0
DA:640,4
DA:641,8
DA:644,8
DA:645,6
DA:649,4
DA:650,0
DA:651,0
DA:655,4
DA:659,4
DA:660,8
DA:663,4
DA:664,4
DA:665,3
DA:666,3
DA:667,3
DA:668,3
DA:669,9
DA:673,4
DA:674,0
DA:675,0
DA:676,0
DA:684,0
DA:685,0
DA:689,0
DA:690,0
DA:691,0
DA:692,0
DA:693,0
DA:694,0
DA:698,4
DA:699,4
DA:700,4
DA:702,4
DA:703,7
DA:704,6
DA:708,4
DA:712,4
DA:713,4
DA:714,8
DA:716,3
DA:720,4
DA:721,4
DA:723,8
DA:728,0
DA:730,0
DA:734,4
DA:737,8
DA:738,8
DA:741,4
DA:742,4
DA:743,3
DA:744,3
DA:745,3
DA:746,3
DA:747,3
DA:752,3
DA:755,3
DA:756,0
DA:757,0
DA:758,0
DA:759,0
DA:760,0
DA:761,0
DA:762,0
DA:771,4
DA:772,4
DA:773,4
DA:774,4
DA:775,3
DA:776,3
DA:777,3
DA:778,3
DA:779,3
DA:790,4
DA:806,4
DA:820,4
DA:828,5
DA:836,9
DA:841,9
LF:335
LH:222
end_of_record
SF:/Users/leofarias/Projects/ack/packages/ack_generator/lib/src/schema_model_builder.dart
DA:12,4
DA:14,4
DA:17,4
DA:19,4
DA:23,4
DA:24,4
DA:28,4
DA:29,4
DA:32,4
DA:33,4
DA:36,4
DA:41,4
DA:44,4
DA:47,12
DA:55,4
DA:58,8
DA:59,8
DA:60,4
DA:62,8
DA:63,4
DA:64,4
DA:66,4
DA:67,1
DA:73,4
DA:74,4
DA:76,4
DA:80,4
DA:81,8
DA:83,4
DA:89,4
DA:93,8
DA:95,8
DA:97,7
DA:98,4
DA:99,8
DA:101,4
DA:109,4
DA:110,4
DA:111,4
LF:39
LH:39
end_of_record
