SF:lib/src/extension.dart
DA:44,3
DA:45,3
LF:2
LH:2
end_of_record
SF:lib/src/converter.dart
DA:12,0
DA:17,3
DA:18,3
DA:21,3
DA:23,3
DA:24,2
DA:31,3
DA:34,6
DA:35,6
DA:36,6
DA:37,6
DA:38,6
DA:39,6
DA:40,2
DA:41,4
DA:42,3
DA:43,2
DA:44,0
DA:45,0
DA:50,3
DA:54,3
DA:57,2
DA:59,2
DA:60,2
DA:61,2
DA:65,3
DA:67,3
DA:68,3
DA:69,3
DA:70,3
DA:77,3
DA:81,3
DA:82,3
DA:83,3
DA:84,3
DA:85,6
DA:86,6
DA:87,3
DA:91,3
DA:95,3
DA:96,3
DA:97,3
DA:98,3
DA:99,6
DA:100,6
DA:101,3
DA:105,3
DA:109,3
DA:110,3
DA:111,3
DA:112,3
DA:116,3
DA:120,3
DA:121,3
DA:122,3
DA:124,9
DA:125,3
DA:126,3
DA:130,6
DA:133,1
DA:134,1
DA:135,2
DA:137,0
DA:138,0
DA:139,0
DA:141,0
DA:142,0
DA:143,0
DA:151,3
DA:154,3
DA:157,3
DA:160,3
DA:162,3
DA:163,3
DA:164,3
DA:165,3
DA:166,3
DA:170,3
DA:174,3
DA:175,6
DA:176,3
DA:177,3
DA:178,3
DA:179,6
DA:180,6
DA:184,0
DA:188,0
DA:190,0
DA:192,0
DA:193,0
DA:194,0
DA:198,2
DA:199,4
DA:200,1
DA:202,1
DA:203,1
DA:208,6
DA:209,2
DA:211,2
DA:212,2
DA:217,1
DA:221,1
DA:223,1
DA:224,1
DA:228,1
DA:231,2
DA:232,1
DA:234,1
DA:235,1
DA:239,4
DA:240,1
DA:241,1
DA:243,1
DA:244,0
DA:247,1
DA:248,5
DA:249,1
DA:252,1
DA:254,1
DA:256,1
DA:258,1
DA:260,1
DA:262,1
DA:263,1
DA:272,3
DA:273,3
DA:278,2
DA:279,0
DA:280,0
DA:285,2
DA:286,2
DA:288,4
DA:289,2
DA:290,2
DA:292,0
DA:297,2
DA:298,0
DA:304,2
DA:305,0
DA:317,3
DA:321,2
DA:324,0
DA:326,0
DA:327,0
DA:331,0
DA:332,0
DA:337,0
DA:338,0
DA:340,0
DA:343,0
DA:347,0
DA:348,0
DA:358,3
DA:362,2
DA:363,2
DA:367,0
DA:368,0
LF:157
LH:123
end_of_record
