SF:/Users/leofarias/Projects/ack/lib/src/ack.dart
DA:12,0
DA:14,0
DA:15,0
DA:16,2
DA:17,2
DA:18,0
DA:20,1
DA:22,0
DA:24,1
DA:28,0
DA:30,3
DA:33,0
DA:35,3
DA:40,0
DA:41,0
DA:42,1
DA:43,3
DA:44,0
DA:45,0
DA:46,1
DA:47,5
LF:21
LH:10
end_of_record
SF:/Users/leofarias/Projects/ack/lib/src/constraints/constraint.dart
DA:8,43
DA:10,4
DA:11,12
DA:14,2
DA:15,8
DA:23,18
DA:25,30
DA:27,15
DA:29,3
DA:30,12
DA:33,1
DA:34,4
DA:48,114
DA:50,90
DA:57,16
DA:58,32
LF:16
LH:16
end_of_record
SF:/Users/leofarias/Projects/ack/lib/src/constraints/constraint_extensions.dart
DA:8,2
DA:9,4
DA:12,6
DA:15,3
DA:18,2
DA:21,6
DA:24,6
DA:27,1
DA:28,2
DA:31,0
DA:34,1
DA:35,2
DA:38,4
DA:41,2
DA:44,2
DA:48,9
DA:51,6
DA:54,9
DA:57,6
DA:60,1
DA:61,2
DA:74,0
DA:75,0
DA:86,0
DA:87,0
DA:99,2
DA:100,6
DA:109,4
DA:110,12
DA:118,2
DA:119,6
LF:31
LH:26
end_of_record
SF:/Users/leofarias/Projects/ack/lib/src/constraints/validators.dart
DA:15,10
DA:16,10
DA:18,10
DA:21,10
DA:23,30
DA:28,7
DA:29,7
DA:34,6
DA:46,25
DA:47,2
DA:52,2
DA:53,2
DA:55,2
DA:57,2
DA:59,0
DA:60,0
DA:71,25
DA:72,2
DA:77,2
DA:80,2
DA:86,8
DA:87,6
DA:88,6
DA:91,2
DA:94,2
DA:96,2
DA:98,0
DA:99,0
DA:113,4
DA:114,4
DA:116,4
DA:119,4
DA:120,8
DA:122,4
DA:124,8
DA:126,4
DA:128,20
DA:130,4
DA:133,0
DA:134,0
DA:144,3
DA:145,3
DA:159,2
DA:160,2
DA:178,2
DA:179,2
DA:182,10
DA:183,2
DA:186,2
DA:187,4
DA:189,2
DA:191,4
DA:203,26
DA:204,3
DA:209,3
DA:210,3
DA:212,2
DA:225,23
DA:226,0
DA:231,0
DA:234,0
DA:235,0
DA:246,0
DA:248,0
DA:264,3
DA:268,3
DA:269,3
DA:270,3
DA:274,6
DA:275,0
DA:277,12
DA:278,0
DA:282,3
DA:285,6
DA:287,3
DA:293,2
DA:295,6
DA:298,0
DA:299,0
DA:301,0
DA:303,0
DA:313,25
DA:314,2
DA:319,2
DA:320,2
DA:322,2
DA:324,2
DA:339,3
DA:340,3
DA:342,3
DA:345,3
DA:346,9
DA:348,3
DA:350,9
DA:353,0
DA:354,0
DA:368,3
DA:369,3
DA:371,3
DA:374,3
DA:375,9
DA:377,3
DA:380,9
DA:383,0
DA:384,0
DA:395,3
DA:396,3
DA:401,3
DA:402,6
DA:404,3
DA:406,15
DA:408,3
DA:411,0
DA:412,0
DA:426,5
DA:427,5
DA:429,5
DA:432,5
DA:433,15
DA:435,5
DA:437,15
DA:440,0
DA:441,0
DA:455,3
DA:456,3
DA:458,3
DA:461,3
DA:462,9
DA:464,3
DA:466,9
DA:469,0
DA:470,0
DA:490,3
DA:492,3
DA:494,3
DA:496,2
DA:497,8
DA:499,1
DA:501,1
DA:502,0
DA:503,2
DA:506,0
DA:507,0
DA:508,0
DA:509,0
DA:522,1
DA:523,1
DA:525,1
DA:528,1
DA:529,3
DA:531,1
DA:533,2
DA:534,4
DA:537,0
DA:538,0
DA:558,3
DA:560,3
DA:562,3
DA:565,2
DA:566,8
DA:568,2
DA:570,2
DA:571,0
DA:572,4
DA:575,0
DA:576,0
DA:577,0
DA:578,0
DA:603,2
DA:605,2
DA:607,2
DA:610,2
DA:612,14
DA:614,2
DA:616,6
DA:619,0
DA:620,0
DA:621,0
DA:622,0
DA:623,0
DA:624,0
DA:639,0
DA:640,0
DA:642,0
DA:645,0
DA:646,0
DA:648,0
DA:650,0
DA:653,0
DA:654,0
DA:668,0
DA:669,0
DA:671,0
DA:674,0
DA:675,0
DA:677,0
DA:679,0
DA:682,0
DA:683,0
DA:694,6
DA:695,6
DA:698,18
DA:701,6
DA:702,42
DA:704,6
DA:705,12
DA:707,12
DA:709,0
DA:711,0
DA:713,0
DA:726,7
DA:727,7
DA:729,14
DA:732,7
DA:734,28
DA:737,3
DA:739,3
DA:740,3
DA:741,3
DA:742,9
DA:743,3
DA:745,3
DA:756,3
DA:757,3
DA:760,3
DA:764,3
DA:767,3
DA:768,6
DA:769,12
DA:770,3
DA:771,3
DA:775,3
DA:778,3
DA:779,6
DA:780,12
DA:781,12
DA:782,7
DA:783,3
DA:786,3
DA:788,6
DA:789,6
DA:792,2
DA:794,2
DA:795,2
DA:798,2
DA:799,2
DA:800,4
DA:801,2
DA:811,3
DA:812,3
DA:817,3
DA:820,6
DA:825,6
DA:829,9
DA:832,3
DA:834,6
DA:835,9
DA:839,7
LF:258
LH:191
end_of_record
SF:/Users/leofarias/Projects/ack/lib/src/converters/open_api_schema.dart
DA:14,0
DA:15,1
DA:20,0
DA:21,1
DA:24,1
DA:27,0
DA:28,0
DA:30,0
DA:31,0
DA:32,0
DA:34,1
DA:35,1
DA:37,0
DA:38,2
DA:39,0
DA:40,1
DA:41,1
DA:42,4
DA:45,3
DA:47,0
DA:48,0
DA:50,0
DA:59,0
DA:62,1
DA:67,0
DA:69,0
DA:70,1
DA:72,1
DA:73,0
DA:75,0
DA:76,1
DA:77,0
DA:78,1
DA:79,1
DA:80,1
DA:81,0
DA:83,1
DA:84,2
DA:86,0
DA:87,3
DA:89,1
DA:90,0
DA:91,1
DA:92,0
DA:93,1
DA:94,0
DA:95,3
DA:97,2
DA:99,0
DA:100,0
DA:101,0
DA:102,1
DA:103,5
DA:104,2
DA:105,0
DA:106,0
DA:107,1
DA:109,3
DA:110,1
DA:111,1
DA:112,1
DA:115,1
DA:116,1
DA:117,1
DA:121,0
DA:122,0
DA:126,0
DA:127,0
DA:128,0
DA:129,0
DA:131,1
DA:132,1
DA:133,1
DA:134,1
DA:135,0
DA:136,1
DA:137,0
DA:138,0
DA:139,0
DA:140,1
DA:141,1
DA:142,4
DA:143,2
DA:144,1
DA:146,0
DA:148,2
DA:149,2
DA:150,0
DA:151,5
DA:153,0
DA:154,2
DA:155,2
DA:156,0
DA:157,0
DA:158,1
DA:159,2
DA:160,1
DA:161,1
DA:162,1
DA:163,0
DA:164,1
DA:165,2
DA:167,1
DA:168,2
DA:169,1
DA:171,0
DA:172,0
DA:173,1
DA:174,2
DA:175,0
DA:176,1
DA:177,2
DA:179,1
DA:180,2
DA:181,0
DA:183,0
DA:186,1
DA:187,0
DA:188,2
DA:189,0
DA:190,0
DA:191,0
DA:192,1
DA:193,0
DA:194,1
DA:195,1
DA:196,1
DA:197,1
DA:198,1
DA:199,1
DA:200,1
DA:201,0
DA:207,0
DA:210,0
DA:212,0
DA:213,1
DA:214,0
DA:216,1
DA:218,2
DA:219,0
DA:220,0
DA:222,0
DA:225,0
LF:143
LH:80
end_of_record
SF:/Users/leofarias/Projects/ack/lib/src/helpers/template.dart
DA:5,1
DA:10,1
DA:12,1
DA:15,1
DA:22,1
DA:24,1
DA:25,1
DA:31,2
DA:32,1
DA:35,1
DA:37,1
DA:39,2
DA:40,2
DA:41,1
DA:43,1
DA:45,1
DA:46,1
DA:51,2
DA:56,1
DA:57,1
DA:59,1
DA:60,0
DA:62,1
DA:65,1
DA:66,1
DA:70,2
DA:73,1
DA:76,1
DA:77,1
DA:81,1
DA:82,2
DA:83,1
DA:84,1
DA:89,2
DA:90,1
DA:91,1
DA:92,1
DA:93,2
DA:94,1
DA:97,1
DA:98,2
DA:99,2
DA:103,2
DA:104,1
DA:107,1
DA:113,1
DA:114,1
DA:115,1
DA:116,1
DA:117,1
DA:118,1
DA:121,1
DA:130,1
DA:131,1
DA:134,2
DA:135,2
DA:136,1
DA:138,1
DA:140,0
DA:141,0
DA:142,0
DA:149,1
DA:153,0
DA:156,2
DA:159,0
DA:161,0
DA:162,0
DA:163,0
DA:166,0
LF:69
LH:59
end_of_record
SF:/Users/leofarias/Projects/ack/lib/src/schemas/schema.dart
DA:74,63
DA:76,1
DA:85,30
DA:94,15
DA:95,0
DA:97,30
DA:98,33
DA:99,15
DA:100,15
DA:105,0
DA:106,0
DA:107,0
DA:108,0
DA:109,0
DA:111,6
DA:113,6
DA:134,12
DA:137,2
DA:140,2
DA:143,2
DA:146,2
DA:156,15
DA:161,7
DA:162,7
DA:163,12
DA:164,18
DA:165,6
DA:168,0
DA:169,15
DA:170,0
DA:172,10
DA:173,10
DA:174,10
DA:175,20
DA:176,0
DA:177,10
DA:182,15
DA:183,0
DA:184,15
DA:185,11
DA:186,11
DA:188,11
DA:193,15
DA:194,0
DA:195,0
DA:196,0
DA:198,0
DA:199,0
DA:203,0
DA:205,0
DA:206,0
DA:211,15
DA:212,15
DA:213,45
DA:214,30
DA:215,0
DA:216,0
DA:217,0
DA:218,0
DA:219,0
DA:220,0
DA:221,0
DA:222,2
DA:223,2
DA:224,4
DA:225,6
DA:226,2
DA:227,2
DA:228,2
DA:235,0
DA:244,0
DA:245,0
DA:251,9
DA:252,36
DA:254,2
DA:255,8
DA:256,0
DA:261,0
DA:266,4
DA:267,0
DA:268,0
DA:269,0
DA:276,1
DA:277,2
DA:282,1
DA:289,61
DA:290,0
DA:297,15
DA:299,0
DA:301,0
DA:302,0
DA:303,6
DA:304,10
DA:305,7
DA:306,6
DA:314,0
DA:315,7
DA:316,11
DA:317,6
DA:318,6
DA:326,0
DA:327,0
DA:328,0
DA:329,0
DA:334,2
DA:336,0
DA:345,15
DA:347,15
DA:348,9
DA:349,16
DA:350,12
DA:356,0
DA:363,0
DA:364,0
DA:371,7
DA:372,0
DA:373,0
DA:374,0
DA:375,0
DA:378,14
DA:379,5
DA:380,7
DA:381,6
DA:382,7
DA:386,1
DA:388,4
LF:126
LH:76
end_of_record
SF:/Users/leofarias/Projects/ack/lib/src/schemas/list/list_schema.dart
DA:6,7
DA:13,7
DA:15,2
DA:17,6
DA:19,6
DA:20,0
DA:21,6
DA:23,5
DA:25,6
DA:26,0
DA:27,5
DA:29,15
DA:30,20
DA:32,5
DA:33,0
DA:34,0
DA:37,10
DA:38,0
DA:39,0
DA:40,0
DA:41,0
DA:44,6
DA:45,0
DA:46,6
DA:48,6
DA:49,12
DA:50,12
DA:53,0
DA:55,6
DA:61,5
DA:62,0
DA:63,0
DA:64,0
DA:65,0
DA:66,0
DA:67,0
DA:68,5
DA:69,5
DA:70,1
DA:71,5
DA:72,5
DA:73,5
DA:77,0
DA:78,0
DA:84,0
DA:86,0
DA:88,0
DA:92,0
DA:94,0
LF:49
LH:26
end_of_record
SF:/Users/leofarias/Projects/ack/lib/src/schemas/num/num_schema.dart
DA:7,28
DA:13,4
DA:20,35
DA:26,11
DA:30,35
LF:5
LH:5
end_of_record
SF:/Users/leofarias/Projects/ack/lib/src/schemas/string/string_schema.dart
DA:7,54
DA:13,7
LF:2
LH:2
end_of_record
SF:/Users/leofarias/Projects/ack/lib/src/schemas/discriminated/discriminated_object_schema.dart
DA:8,4
DA:17,4
DA:19,0
DA:20,3
DA:21,6
DA:24,0
DA:25,0
DA:27,2
DA:28,0
DA:29,0
DA:30,4
DA:32,3
DA:34,3
DA:35,0
DA:36,3
DA:38,3
DA:40,4
DA:42,3
DA:43,6
DA:44,6
DA:45,9
DA:46,3
DA:47,3
DA:49,3
DA:50,3
DA:51,3
DA:52,3
DA:53,3
DA:56,0
DA:58,3
DA:59,0
DA:60,6
DA:61,0
DA:62,3
DA:65,0
DA:70,0
DA:74,0
DA:80,0
DA:84,1
DA:89,0
DA:90,0
DA:91,0
DA:92,0
DA:93,1
DA:94,0
DA:95,1
DA:96,1
DA:97,1
DA:98,1
DA:99,1
DA:101,0
DA:102,0
DA:103,0
DA:104,0
DA:105,0
DA:106,0
DA:107,0
DA:108,0
DA:109,0
DA:115,0
DA:117,0
DA:121,0
DA:123,0
DA:124,0
DA:125,0
DA:127,0
DA:129,0
DA:130,0
DA:134,0
DA:135,0
LF:70
LH:32
end_of_record
SF:/Users/leofarias/Projects/ack/lib/src/schemas/object/object_schema.dart
DA:11,0
DA:12,8
DA:21,0
DA:22,8
DA:23,24
DA:24,1
DA:25,5
DA:29,0
DA:30,0
DA:31,16
DA:32,0
DA:33,0
DA:34,0
DA:35,16
DA:36,1
DA:38,0
DA:40,2
DA:44,0
DA:47,0
DA:49,0
DA:50,4
DA:51,0
DA:52,4
DA:53,2
DA:54,2
DA:55,0
DA:56,2
DA:57,0
DA:58,3
DA:59,2
DA:60,1
DA:61,1
DA:62,1
DA:63,1
DA:64,0
DA:66,2
DA:67,0
DA:69,0
DA:70,7
DA:71,0
DA:72,2
DA:76,5
DA:78,0
DA:83,14
DA:85,12
DA:87,12
DA:89,6
DA:91,6
DA:92,6
DA:93,6
DA:95,0
DA:96,6
DA:97,6
DA:99,18
DA:100,6
DA:104,6
DA:105,0
DA:106,6
DA:107,0
DA:108,6
DA:109,0
DA:110,6
DA:111,0
DA:112,7
DA:113,0
DA:114,6
DA:115,0
DA:116,18
DA:117,6
DA:118,6
DA:120,6
DA:121,0
DA:122,6
DA:124,6
DA:125,8
DA:127,0
DA:129,10
DA:131,4
DA:132,8
DA:138,0
DA:140,0
DA:142,0
DA:147,0
DA:155,0
DA:156,0
DA:157,0
DA:164,0
DA:165,0
DA:166,3
DA:174,0
DA:176,3
DA:177,2
DA:178,2
DA:179,2
DA:180,3
DA:181,1
DA:182,3
DA:183,3
DA:184,0
DA:185,0
DA:186,0
DA:187,2
DA:188,0
DA:189,2
DA:190,2
DA:191,2
DA:192,7
DA:193,4
DA:194,4
DA:195,0
DA:197,0
DA:198,0
DA:199,0
DA:200,0
DA:201,0
DA:202,0
LF:116
LH:67
end_of_record
SF:/Users/leofarias/Projects/ack/lib/src/schemas/boolean/boolean_schema.dart
DA:23,29
DA:29,5
LF:2
LH:2
end_of_record
SF:/Users/leofarias/Projects/ack/lib/src/validation/ack_exception.dart
DA:7,4
DA:9,2
DA:10,6
DA:13,6
DA:15,1
DA:17,2
LF:6
LH:6
end_of_record
SF:/Users/leofarias/Projects/ack/lib/src/validation/schema_error.dart
DA:10,0
DA:12,17
DA:16,0
DA:18,0
DA:19,2
DA:20,2
DA:21,2
DA:22,4
DA:23,2
DA:24,2
DA:26,0
DA:27,0
DA:28,0
DA:29,0
DA:30,0
DA:34,0
DA:36,0
DA:37,0
DA:40,0
DA:41,0
DA:42,0
DA:43,0
DA:44,0
DA:47,0
DA:48,0
DA:50,0
DA:51,0
DA:52,0
DA:56,0
DA:57,0
DA:58,16
DA:60,0
DA:61,16
DA:63,16
DA:64,16
DA:65,16
DA:66,0
DA:67,0
DA:68,3
DA:70,3
DA:72,10
DA:73,50
DA:76,0
DA:77,0
DA:78,0
DA:80,0
DA:81,0
DA:82,0
DA:83,0
DA:90,0
DA:91,2
DA:93,2
DA:94,2
DA:95,12
DA:96,0
DA:97,0
DA:98,0
DA:103,4
DA:104,4
DA:105,0
DA:106,4
DA:107,4
DA:108,4
DA:109,0
DA:110,8
DA:114,2
DA:115,6
DA:118,0
DA:120,0
DA:125,0
DA:126,1
DA:127,1
DA:128,0
DA:129,1
DA:130,1
DA:131,1
DA:135,1
DA:137,2
DA:138,1
DA:139,5
DA:141,2
DA:142,2
DA:143,0
DA:144,0
DA:145,0
DA:146,0
DA:148,0
DA:151,1
DA:152,2
DA:153,0
DA:156,0
DA:157,0
DA:158,0
DA:159,0
DA:166,0
DA:175,0
DA:180,0
DA:181,0
DA:182,0
DA:184,0
DA:187,0
LF:101
LH:41
end_of_record
SF:/Users/leofarias/Projects/ack/lib/src/validation/schema_result.dart
DA:10,16
DA:13,16
DA:14,16
DA:18,16
DA:19,16
DA:22,8
DA:23,8
DA:25,0
DA:29,26
DA:30,0
DA:34,32
DA:36,0
DA:37,0
DA:38,0
DA:40,6
DA:41,6
DA:42,2
DA:43,6
DA:48,12
DA:49,25
DA:50,0
DA:51,0
DA:52,0
DA:53,0
DA:56,1
DA:57,5
DA:61,0
DA:62,0
DA:63,0
DA:64,3
DA:65,3
DA:66,4
DA:67,6
DA:74,0
DA:77,13
DA:79,0
DA:81,0
DA:83,13
DA:84,12
DA:86,12
DA:88,0
DA:89,16
DA:96,1
DA:97,2
DA:104,1
DA:105,4
DA:108,0
DA:114,0
DA:115,0
DA:116,16
DA:118,0
DA:120,0
DA:124,0
DA:125,0
DA:129,16
DA:138,0
LF:56
LH:32
end_of_record
SF:/Users/leofarias/Projects/ack/lib/src/helpers.dart
DA:3,4
DA:4,4
DA:5,4
DA:7,4
DA:10,5
DA:12,0
DA:15,0
DA:16,10
DA:19,5
DA:20,0
DA:21,0
DA:24,10
DA:25,10
DA:29,5
DA:34,5
DA:35,5
DA:36,0
DA:37,3
DA:38,2
DA:39,0
DA:40,4
DA:42,0
DA:45,0
DA:47,5
DA:48,15
DA:49,5
DA:50,3
DA:53,15
DA:55,0
DA:57,5
DA:60,0
DA:61,0
DA:64,5
DA:65,0
DA:67,5
DA:69,5
DA:71,0
DA:72,6
DA:73,6
DA:76,20
DA:77,15
DA:78,0
DA:79,15
DA:81,10
DA:83,15
DA:85,15
DA:88,15
DA:89,10
DA:90,15
DA:91,10
DA:93,15
DA:97,5
DA:99,0
DA:101,10
DA:103,0
DA:104,0
DA:105,0
DA:106,0
DA:107,0
DA:109,0
DA:111,2
DA:115,2
DA:116,4
DA:117,2
DA:118,3
DA:119,2
DA:121,2
DA:123,0
DA:124,0
DA:126,0
DA:127,0
DA:128,0
DA:129,27
DA:130,0
DA:131,16
DA:133,22
DA:135,11
DA:136,11
DA:137,0
DA:138,21
DA:139,10
DA:140,5
DA:142,10
DA:147,0
DA:148,0
DA:149,27
DA:151,1
DA:152,3
DA:153,0
DA:154,10
DA:155,20
DA:156,10
DA:167,2
DA:168,2
DA:169,2
DA:172,4
DA:173,3
DA:178,5
DA:183,1
DA:184,1
DA:185,1
DA:186,1
DA:187,1
DA:188,1
DA:189,1
DA:190,1
LF:106
LH:75
end_of_record
SF:/Users/leofarias/Projects/ack/lib/src/context.dart
DA:7,30
DA:14,40
DA:21,15
DA:25,45
DA:28,15
DA:29,15
DA:30,60
DA:33,15
DA:35,45
DA:37,0
DA:38,0
DA:41,0
DA:47,23
DA:48,0
LF:14
LH:10
end_of_record
