SF:/Users/leofarias/Projects/ack/lib/src/ack.dart
DA:12,0
DA:14,1
DA:15,1
DA:18,1
DA:22,1
DA:28,1
DA:33,1
DA:40,1
DA:41,3
DA:44,1
DA:45,5
LF:11
LH:10
end_of_record
SF:/Users/leofarias/Projects/ack/lib/src/converters/open_api_schema.dart
DA:14,1
DA:20,1
DA:21,1
DA:27,0
DA:28,0
DA:31,0
DA:32,0
DA:35,2
DA:37,1
DA:38,1
DA:39,4
DA:42,0
DA:45,0
DA:47,0
DA:59,1
DA:67,1
DA:69,1
DA:73,1
DA:75,1
DA:76,1
DA:77,1
DA:80,1
DA:81,2
DA:84,3
DA:86,1
DA:90,1
DA:92,3
DA:94,2
DA:99,1
DA:100,5
DA:101,2
DA:104,3
DA:105,1
DA:106,0
DA:107,0
DA:110,1
DA:111,1
DA:112,1
DA:116,0
DA:117,0
DA:126,1
DA:127,1
DA:128,1
DA:129,1
DA:131,1
DA:132,0
DA:135,1
DA:136,1
DA:137,4
DA:138,2
DA:139,1
DA:143,2
DA:144,2
DA:146,5
DA:149,2
DA:150,2
DA:153,1
DA:154,2
DA:155,1
DA:156,1
DA:157,1
DA:159,1
DA:160,2
DA:162,1
DA:163,2
DA:164,1
DA:168,1
DA:169,2
DA:171,1
DA:172,2
DA:174,1
DA:175,2
DA:181,1
DA:183,2
DA:187,1
DA:189,1
DA:190,1
DA:191,1
DA:192,1
DA:193,1
DA:194,1
DA:195,1
DA:207,1
DA:210,1
DA:212,2
DA:214,0
DA:216,0
DA:219,0
LF:88
LH:73
end_of_record
SF:/Users/leofarias/Projects/ack/lib/src/schemas/string/string_schema.dart
DA:7,28
DA:13,8
LF:2
LH:2
end_of_record
SF:/Users/leofarias/Projects/ack/lib/src/schemas/schema.dart
DA:76,34
DA:94,6
DA:95,6
DA:105,14
DA:106,14
DA:107,30
DA:108,14
DA:109,14
DA:111,14
DA:113,8
DA:134,12
DA:137,2
DA:140,2
DA:143,2
DA:146,2
DA:164,14
DA:168,8
DA:170,14
DA:173,14
DA:175,10
DA:176,10
DA:177,10
DA:183,14
DA:194,14
DA:196,14
DA:198,13
DA:199,20
DA:203,14
DA:205,0
DA:206,0
DA:215,0
DA:216,0
DA:217,0
DA:218,0
DA:219,0
DA:220,0
DA:221,0
DA:228,0
DA:244,7
DA:245,28
DA:251,0
DA:256,4
DA:266,1
DA:267,2
DA:268,1
DA:269,2
DA:282,34
DA:290,14
DA:299,14
DA:301,14
DA:302,9
DA:303,16
DA:304,12
DA:314,6
DA:315,10
DA:316,7
DA:317,6
DA:326,7
DA:327,11
DA:328,6
DA:329,6
DA:345,2
DA:347,0
DA:349,0
DA:356,0
DA:364,7
DA:371,14
DA:372,5
DA:373,7
DA:374,6
DA:375,7
DA:379,0
DA:381,0
LF:73
LH:57
end_of_record
SF:/Users/leofarias/Projects/ack/lib/src/schemas/num/num_validators.dart
DA:5,0
DA:6,0
DA:9,1
DA:10,3
DA:13,1
DA:14,3
DA:17,1
DA:18,3
DA:23,2
DA:24,6
DA:27,1
DA:28,3
DA:31,2
DA:32,2
DA:33,4
DA:37,1
DA:38,3
DA:53,2
DA:55,2
DA:57,2
DA:60,2
DA:61,8
DA:63,1
DA:65,1
DA:66,1
DA:69,3
DA:73,0
DA:74,0
DA:75,0
DA:76,0
DA:84,1
DA:85,1
DA:87,1
DA:90,1
DA:91,3
DA:93,1
DA:95,1
DA:97,1
DA:99,1
DA:100,2
DA:101,2
DA:106,0
DA:107,0
DA:122,2
DA:124,2
DA:126,2
DA:129,2
DA:130,8
DA:132,2
DA:134,2
DA:138,2
DA:140,6
DA:144,0
DA:145,0
DA:146,0
DA:147,0
DA:165,2
DA:167,2
DA:169,2
DA:172,2
DA:174,14
DA:176,2
DA:179,4
DA:181,2
DA:183,6
DA:187,0
DA:188,0
DA:189,0
DA:190,0
DA:191,0
DA:192,0
LF:71
LH:53
end_of_record
SF:/Users/leofarias/Projects/ack/lib/src/schemas/string/string_validators.dart
DA:6,8
DA:9,8
DA:12,6
DA:15,2
DA:16,6
DA:19,2
DA:20,6
DA:23,2
DA:24,6
DA:27,2
DA:28,6
DA:31,2
DA:32,6
DA:35,2
DA:36,4
DA:39,2
DA:40,4
DA:43,3
DA:53,22
DA:54,2
DA:59,2
DA:61,2
DA:66,2
DA:68,2
DA:71,2
DA:79,0
DA:80,0
DA:88,21
DA:89,1
DA:94,1
DA:97,1
DA:103,4
DA:104,3
DA:105,3
DA:108,1
DA:111,1
DA:113,1
DA:116,1
DA:124,0
DA:125,0
DA:136,3
DA:137,6
DA:139,3
DA:140,6
DA:142,3
DA:144,3
DA:147,3
DA:149,6
DA:150,3
DA:151,6
DA:156,0
DA:157,0
DA:166,2
DA:167,2
DA:180,2
DA:181,2
DA:196,2
DA:197,2
DA:199,10
DA:200,2
DA:203,2
DA:204,4
DA:206,2
DA:208,2
DA:211,2
DA:213,2
DA:214,4
DA:215,4
DA:229,2
DA:230,2
DA:232,10
DA:233,2
DA:236,2
DA:237,4
DA:239,2
DA:241,2
DA:244,2
DA:246,2
DA:247,4
DA:259,23
DA:260,3
DA:262,2
DA:263,2
DA:265,2
DA:267,2
DA:269,4
DA:279,2
DA:283,4
DA:286,4
DA:287,0
DA:289,8
DA:290,0
DA:294,2
DA:297,4
DA:299,2
DA:305,2
DA:307,2
DA:310,2
DA:311,2
DA:312,2
DA:314,2
DA:319,0
DA:320,0
DA:322,0
DA:323,0
DA:332,22
DA:333,2
DA:335,2
DA:336,2
DA:338,2
DA:340,2
DA:342,4
DA:355,2
DA:356,2
DA:358,2
DA:361,2
DA:362,6
DA:364,2
DA:366,2
DA:369,2
DA:371,2
DA:372,2
DA:377,0
DA:378,0
DA:389,2
DA:390,2
DA:392,2
DA:395,2
DA:396,6
DA:398,2
DA:400,2
DA:403,2
DA:405,2
DA:406,2
DA:411,0
DA:412,0
LF:136
LH:120
end_of_record
SF:/Users/leofarias/Projects/ack/lib/src/schemas/list/list_validators.dart
DA:11,2
DA:12,6
DA:21,2
DA:22,6
DA:27,2
DA:28,6
DA:38,2
DA:39,2
DA:44,2
DA:45,4
DA:47,2
DA:49,2
DA:51,2
DA:54,2
DA:58,0
DA:59,0
DA:60,2
DA:63,0
DA:75,2
DA:76,2
DA:78,2
DA:81,2
DA:82,6
DA:84,2
DA:86,2
DA:89,6
DA:93,0
DA:94,0
DA:105,2
DA:106,2
DA:108,2
DA:111,2
DA:112,6
DA:114,2
DA:116,2
DA:119,6
DA:123,0
DA:124,0
LF:38
LH:31
end_of_record
SF:/Users/leofarias/Projects/ack/lib/src/schemas/object/object_validators.dart
DA:13,1
DA:14,3
DA:25,1
DA:26,3
DA:40,1
DA:41,1
DA:43,1
DA:46,1
DA:47,3
DA:49,1
DA:51,1
DA:52,2
DA:53,2
DA:57,0
DA:58,0
DA:71,1
DA:72,1
DA:74,1
DA:77,1
DA:78,3
DA:80,1
DA:82,1
DA:83,2
DA:84,2
DA:88,0
DA:89,0
DA:95,1
DA:96,1
DA:98,1
DA:101,1
DA:102,2
DA:104,1
DA:106,2
DA:108,1
DA:111,2
DA:120,6
DA:121,6
DA:126,6
DA:127,12
DA:129,4
DA:131,4
DA:133,12
LF:42
LH:38
end_of_record
SF:/Users/leofarias/Projects/ack/lib/src/schemas/discriminated/discriminated_object_schema.dart
DA:8,4
DA:17,4
DA:19,3
DA:21,3
DA:24,2
DA:25,4
DA:28,3
DA:29,3
DA:30,3
DA:35,3
DA:38,3
DA:42,2
DA:49,3
DA:50,6
DA:56,2
DA:59,4
DA:61,0
DA:70,0
DA:80,1
DA:89,1
DA:90,0
DA:91,1
DA:92,1
DA:93,1
DA:94,1
DA:95,1
DA:99,0
DA:101,0
DA:102,0
DA:103,0
DA:104,0
DA:109,3
DA:115,3
DA:117,6
DA:121,3
DA:123,12
DA:124,6
DA:125,6
DA:127,6
DA:129,0
DA:130,2
DA:134,3
DA:135,3
LF:43
LH:34
end_of_record
SF:/Users/leofarias/Projects/ack/lib/src/schemas/object/object_schema.dart
DA:11,6
DA:21,6
DA:22,18
DA:23,1
DA:24,5
DA:29,12
DA:30,0
DA:33,12
DA:34,1
DA:38,6
DA:40,6
DA:44,6
DA:47,18
DA:49,18
DA:51,8
DA:55,12
DA:57,12
DA:61,4
DA:64,6
DA:66,36
DA:67,7
DA:69,2
DA:71,2
DA:76,6
DA:78,6
DA:87,1
DA:89,2
DA:91,2
DA:95,1
DA:105,2
DA:107,2
DA:108,1
DA:109,1
DA:111,1
DA:113,2
DA:114,2
DA:115,1
DA:116,1
DA:117,1
DA:118,1
DA:121,1
DA:125,4
DA:127,1
DA:131,3
DA:138,4
DA:140,4
DA:142,4
DA:155,0
DA:164,0
DA:165,0
DA:174,2
DA:184,2
DA:185,2
DA:186,1
DA:187,1
DA:188,2
DA:189,2
DA:190,2
DA:191,2
DA:195,0
DA:197,0
DA:198,0
DA:199,0
DA:200,0
DA:201,0
DA:202,0
LF:66
LH:55
end_of_record
SF:/Users/leofarias/Projects/ack/lib/src/schemas/list/list_schema.dart
DA:6,4
DA:13,4
DA:15,3
DA:17,3
DA:19,3
DA:20,6
DA:21,6
DA:26,3
DA:32,3
DA:34,3
DA:38,3
DA:40,9
DA:41,9
DA:45,0
DA:48,3
DA:50,0
DA:53,2
DA:55,2
DA:62,2
DA:63,2
DA:64,1
DA:65,2
DA:66,2
DA:67,2
DA:71,0
DA:78,0
DA:86,0
DA:88,0
LF:28
LH:22
end_of_record
SF:/Users/leofarias/Projects/ack/lib/src/schemas/num/num_schema.dart
DA:7,24
DA:13,4
DA:20,29
DA:26,9
LF:4
LH:4
end_of_record
SF:/Users/leofarias/Projects/ack/lib/src/schemas/boolean/boolean_schema.dart
DA:23,25
DA:29,5
LF:2
LH:2
end_of_record
SF:/Users/leofarias/Projects/ack/lib/src/schemas/discriminated/discriminated_object_validators.dart
DA:3,0
DA:7,0
DA:10,0
DA:11,0
DA:18,3
DA:22,3
DA:25,3
DA:26,3
DA:33,2
DA:37,2
DA:39,2
DA:40,2
DA:44,2
DA:48,2
DA:50,2
DA:51,2
LF:16
LH:12
end_of_record
SF:/Users/leofarias/Projects/ack/lib/src/validation/ack_exception.dart
DA:7,4
DA:9,2
DA:10,6
DA:13,6
DA:15,1
DA:17,2
LF:6
LH:6
end_of_record
SF:/Users/leofarias/Projects/ack/lib/src/validation/constraint_validator.dart
DA:10,33
DA:14,34
DA:18,1
DA:19,3
DA:22,3
DA:24,10
DA:29,20
DA:32,1
DA:33,1
LF:9
LH:9
end_of_record
SF:/Users/leofarias/Projects/ack/lib/src/validation/schema_error.dart
DA:10,18
DA:16,40
DA:18,1
DA:19,1
DA:20,1
DA:21,1
DA:26,9
DA:27,9
DA:28,18
DA:29,18
DA:30,36
DA:34,6
DA:36,2
DA:37,6
DA:41,17
DA:50,17
DA:51,17
DA:56,14
DA:57,28
DA:60,17
DA:61,17
DA:64,8
DA:66,8
DA:67,8
DA:68,48
DA:76,0
DA:77,0
DA:80,0
DA:81,0
DA:82,0
DA:90,12
DA:93,12
DA:95,12
DA:96,12
DA:97,12
DA:98,12
DA:105,1
DA:106,1
DA:108,1
DA:109,1
DA:114,10
DA:115,10
DA:118,10
DA:125,2
DA:128,2
DA:131,4
DA:137,7
DA:138,7
DA:141,7
DA:142,7
DA:143,7
DA:144,28
DA:152,1
DA:153,1
DA:156,1
DA:157,1
DA:158,1
DA:159,4
DA:166,18
DA:175,10
DA:180,22
DA:181,2
DA:182,2
DA:184,0
DA:187,2
LF:65
LH:59
end_of_record
SF:/Users/leofarias/Projects/ack/lib/src/validation/schema_result.dart
DA:10,15
DA:13,14
DA:14,14
DA:18,15
DA:19,15
DA:25,26
DA:30,26
DA:36,2
DA:37,2
DA:38,1
DA:42,1
DA:43,2
DA:50,1
DA:51,1
DA:52,0
DA:53,2
DA:61,2
DA:62,2
DA:63,0
DA:64,4
DA:74,3
DA:79,5
DA:81,6
DA:88,1
DA:89,2
DA:96,1
DA:97,2
DA:108,14
DA:114,2
DA:115,2
DA:118,1
DA:120,2
DA:124,2
DA:125,2
DA:138,15
LF:35
LH:33
end_of_record
SF:/Users/leofarias/Projects/ack/lib/src/helpers.dart
DA:3,5
DA:4,5
DA:5,5
DA:7,5
DA:10,4
DA:12,8
DA:15,4
DA:20,8
DA:21,8
DA:24,4
DA:25,4
DA:36,4
DA:37,12
DA:38,4
DA:39,4
DA:42,12
DA:45,4
DA:55,4
DA:57,4
DA:60,5
DA:61,5
DA:64,16
DA:65,12
DA:67,12
DA:69,8
DA:71,12
DA:73,12
DA:76,12
DA:77,8
DA:78,12
DA:79,8
DA:81,12
DA:85,4
DA:89,8
DA:99,2
DA:103,2
DA:104,4
DA:105,2
DA:106,3
DA:107,2
DA:109,2
DA:117,21
DA:119,12
DA:121,18
DA:123,9
DA:124,9
DA:126,18
DA:127,9
DA:128,4
DA:130,9
DA:137,21
DA:139,1
DA:140,3
DA:147,2
DA:148,2
DA:149,2
DA:152,4
DA:153,3
LF:58
LH:58
end_of_record
